<?xml version="1.0" encoding="UTF-8"?>
<!-- Generated by org.testng.reporters.JUnitReportReporter -->
<testsuite hostname="partha-PC" name="qaclickacademy.Add2CartTest" tests="3" failures="0" timestamp="12 Jul 2021 02:02:01 GMT" time="0.016" errors="0">
  <testcase name="paymentTest" time="0.000" classname="qaclickacademy.Add2CartTest"/>
  <testcase name="cartTest" time="0.000" classname="qaclickacademy.Add2CartTest"/>
  <testcase name="billTest" time="0.016" classname="qaclickacademy.Add2CartTest"/>
</testsuite> <!-- qaclickacademy.Add2CartTest -->
