<?xml version="1.0" encoding="UTF-8"?>
<!-- Generated by org.testng.reporters.JUnitReportReporter -->
<testsuite hostname="partha-PC" name="qaclickacademy.LoginTest" tests="2" failures="0" timestamp="12 Jul 2021 02:02:01 GMT" time="0.000" errors="0">
  <testcase name="testPassword" time="0.000" classname="qaclickacademy.LoginTest"/>
  <testcase name="testUsername" time="0.000" classname="qaclickacademy.LoginTest"/>
</testsuite> <!-- qaclickacademy.LoginTest -->
